<?xml version="1.0" encoding="UTF-8"?>
<!-- Generated by org.testng.reporters.JUnitXMLReporter -->
<testsuite ignored="0" hostname="DESKTOP-QRS5SOS" failures="2" tests="2" name="Submit Order Test" time="23.557" errors="0" timestamp="2023-06-25T15:55:51 IST">
  <testcase classname="frameWorkPackages.Test.SubmitOrderTest" name="submitOrder" time="2.993">
    <failure type="java.lang.AssertionError" message="expected [true] but found [false]">
      <![CDATA[java.lang.AssertionError: expected [true] but found [false]
at frameWorkPackages.Test.SubmitOrderTest.submitOrder(SubmitOrderTest.java:31)
at java.base/java.util.ArrayList.forEach(ArrayList.java:1511)
... Removed 29 stack frames]]>
    </failure>
  </testcase> <!-- submitOrder -->
  <testcase classname="frameWorkPackages.Test.SubmitOrderTest" name="submitOrder" time="4.351">
    <failure type="java.lang.AssertionError" message="expected [true] but found [false]">
      <![CDATA[java.lang.AssertionError: expected [true] but found [false]
at frameWorkPackages.Test.SubmitOrderTest.submitOrder(SubmitOrderTest.java:31)
at java.base/java.util.ArrayList.forEach(ArrayList.java:1511)
... Removed 29 stack frames]]>
    </failure>
  </testcase> <!-- submitOrder -->
</testsuite> <!-- Submit Order Test -->
